Loading libraries, please wait...
WARNING: An illegal reflective access operation has occurred
WARNING: Illegal reflective access by net.minecraft.util.io.netty.util.internal.PlatformDependent0 (file:/home/mc/mc/yold-bukkit/craftbukkit.jar) to field java.nio.DirectByteBuffer.cleaner
WARNING: Please consider reporting this to the maintainers of net.minecraft.util.io.netty.util.internal.PlatformDependent0
WARNING: Use --illegal-access=warn to enable warnings of further illegal reflective access operations
WARNING: All illegal access operations will be denied in a future release
Aug 25, 2018 9:55:42 PM net.minecraft.util.io.netty.util.internal.PlatformDependent <clinit>
INFO: Your platform does not provide complete low-level API for accessing direct buffers reliably. Unless explicitly requested, heap buffer will always be preferred to avoid potential system unstability.
[21:55:42 INFO]: Starting minecraft server version 1.7.9
[21:55:42 INFO]: Loading properties
[21:55:42 ERROR]: Exception handling console input
java.io.IOException: Bad file descriptor
	at java.base/java.io.FileInputStream.readBytes(Native Method) ~[?:?]
	at java.base/java.io.FileInputStream.read(FileInputStream.java:280) ~[?:?]
	at java.base/java.io.BufferedInputStream.fill(BufferedInputStream.java:252) ~[?:?]
	at java.base/java.io.BufferedInputStream.read(BufferedInputStream.java:271) ~[?:?]
	at java.base/java.io.FilterInputStream.read(FilterInputStream.java:83) ~[?:?]
	at org.bukkit.craftbukkit.libs.jline.console.ConsoleReader$1.read(ConsoleReader.java:167) ~[craftbukkit.jar:git-Bukkit-1.7.9-R0.1-10-g8688bd4-b3092jnks]
	at org.bukkit.craftbukkit.libs.jline.internal.InputStreamReader.read(InputStreamReader.java:267) ~[craftbukkit.jar:git-Bukkit-1.7.9-R0.1-10-g8688bd4-b3092jnks]
	at org.bukkit.craftbukkit.libs.jline.internal.InputStreamReader.read(InputStreamReader.java:204) ~[craftbukkit.jar:git-Bukkit-1.7.9-R0.1-10-g8688bd4-b3092jnks]
	at org.bukkit.craftbukkit.libs.jline.console.ConsoleReader.readCharacter(ConsoleReader.java:995) ~[craftbukkit.jar:git-Bukkit-1.7.9-R0.1-10-g8688bd4-b3092jnks]
	at org.bukkit.craftbukkit.libs.jline.console.ConsoleReader.readLineSimple(ConsoleReader.java:1506) ~[craftbukkit.jar:git-Bukkit-1.7.9-R0.1-10-g8688bd4-b3092jnks]
	at org.bukkit.craftbukkit.libs.jline.console.ConsoleReader.readLine(ConsoleReader.java:1153) ~[craftbukkit.jar:git-Bukkit-1.7.9-R0.1-10-g8688bd4-b3092jnks]
	at org.bukkit.craftbukkit.libs.jline.console.ConsoleReader.readLine(ConsoleReader.java:1117) ~[craftbukkit.jar:git-Bukkit-1.7.9-R0.1-10-g8688bd4-b3092jnks]
	at org.bukkit.craftbukkit.libs.jline.console.ConsoleReader.readLine(ConsoleReader.java:1105) ~[craftbukkit.jar:git-Bukkit-1.7.9-R0.1-10-g8688bd4-b3092jnks]
	at net.minecraft.server.v1_7_R3.ThreadCommandReader.run(ThreadCommandReader.java:34) [craftbukkit.jar:git-Bukkit-1.7.9-R0.1-10-g8688bd4-b3092jnks]
[21:55:42 INFO]: Default game type: SURVIVAL
[21:55:42 INFO]: Generating keypair
[21:55:42 INFO]: Starting Minecraft server on *:25565
[21:55:42 INFO]: This server is running CraftBukkit version git-Bukkit-1.7.9-R0.1-10-g8688bd4-b3092jnks (MC: 1.7.9) (Implementing API version 1.7.9-R0.2)
[21:55:42 INFO]: [WorldEdit] Loading WorldEdit v5.6.2
[21:55:42 INFO]: [SignEdit] Loading SignEdit v3.3.9
[21:55:42 INFO]: [RunAs] Loading RunAs v1.0.1
[21:55:42 INFO]: [AntiCreeper] Loading AntiCreeper v4.18.1
[21:55:42 INFO]: [Essentials] Loading Essentials v2.13.1
[21:55:42 INFO]: [Speedcarts] Loading Speedcarts v1.3.5
[21:55:42 INFO]: [GroupManager] Loading GroupManager v2.1.11 (Phoenix)
[21:55:42 INFO]: [EssentialsChat] Loading EssentialsChat v2.13.1
[21:55:42 INFO]: [EssentialsProtect] Loading EssentialsProtect v2.13.1
[21:55:42 WARN]: Failed to load operators list: 
java.io.FileNotFoundException: ops.json (No such file or directory)
	at java.base/java.io.FileInputStream.open0(Native Method) ~[?:?]
	at java.base/java.io.FileInputStream.open(FileInputStream.java:220) ~[?:?]
	at java.base/java.io.FileInputStream.<init>(FileInputStream.java:158) ~[?:?]
	at net.minecraft.util.com.google.common.io.Files.newReader(Files.java:86) ~[craftbukkit.jar:git-Bukkit-1.7.9-R0.1-10-g8688bd4-b3092jnks]
	at net.minecraft.server.v1_7_R3.JsonList.load(JsonList.java:147) ~[craftbukkit.jar:git-Bukkit-1.7.9-R0.1-10-g8688bd4-b3092jnks]
	at net.minecraft.server.v1_7_R3.DedicatedPlayerList.z(SourceFile:107) [craftbukkit.jar:git-Bukkit-1.7.9-R0.1-10-g8688bd4-b3092jnks]
	at net.minecraft.server.v1_7_R3.DedicatedPlayerList.<init>(SourceFile:29) [craftbukkit.jar:git-Bukkit-1.7.9-R0.1-10-g8688bd4-b3092jnks]
	at net.minecraft.server.v1_7_R3.DedicatedServer.init(DedicatedServer.java:126) [craftbukkit.jar:git-Bukkit-1.7.9-R0.1-10-g8688bd4-b3092jnks]
	at net.minecraft.server.v1_7_R3.MinecraftServer.run(MinecraftServer.java:436) [craftbukkit.jar:git-Bukkit-1.7.9-R0.1-10-g8688bd4-b3092jnks]
	at net.minecraft.server.v1_7_R3.ThreadServerApplication.run(SourceFile:628) [craftbukkit.jar:git-Bukkit-1.7.9-R0.1-10-g8688bd4-b3092jnks]
[21:55:42 WARN]: **** SERVER IS RUNNING IN OFFLINE/INSECURE MODE!
[21:55:42 WARN]: The server will make no attempt to authenticate usernames. Beware.
[21:55:42 WARN]: While this makes the game possible to play without internet access, it also opens up the ability for hackers to connect with any username they choose.
[21:55:42 WARN]: To change this, set "online-mode" to "true" in the server.properties file.
[21:55:42 INFO]: Preparing level "kevlar"
[21:55:42 INFO]: Preparing start region for level 0 (Seed: -6429030645283485143)
[21:55:43 INFO]: Preparing spawn area: 94%
[21:55:43 INFO]: Preparing start region for level 1 (Seed: -5412670237699833762)
[21:55:44 INFO]: Preparing start region for level 2 (Seed: -5412670237699833762)
[21:55:44 INFO]: [WorldEdit] Enabling WorldEdit v5.6.2
[21:55:44 INFO]: WEPIF: Using the Bukkit Permissions API.
[21:55:44 INFO]: [SignEdit] Enabling SignEdit v3.3.9
[21:55:44 INFO]: [RunAs] Enabling RunAs v1.0.1
[21:55:44 INFO]: [AntiCreeper] Enabling AntiCreeper v4.18.1
[21:55:44 INFO]: [AntiCreeper] brought to you by Filbert66
[21:55:44 INFO]: [Essentials] Enabling Essentials v2.13.1
[21:55:45 INFO]: Essentials: Using config file enhanced permissions.
[21:55:45 INFO]: Permissions listed in as player-commands will be given to all users.
[21:55:45 INFO]: [Speedcarts] Enabling Speedcarts v1.3.5
[21:55:45 INFO]: [Speedcarts] Checking for updates...
[21:55:45 WARN]: [Speedcarts] [33mSpeedcarts could not check for updates [java.net.UnknownHostException: version.znt.se].[m
[21:55:45 INFO]: [Speedcarts] Speedcarts enabled!
[21:55:45 INFO]: [GroupManager] Enabling GroupManager v2.1.11 (Phoenix)
[21:55:45 INFO]: GroupManager - INFO - World Found: kevlar
[21:55:45 INFO]: GroupManager - INFO - World Found: world
[21:55:45 INFO]: GroupManager - INFO - Superperms support enabled.
[21:55:45 INFO]: GroupManager - INFO - Scheduled Data Saving is set for every 10 minutes!
[21:55:45 INFO]: GroupManager - INFO - Backups will be retained for 24 hours!
[21:55:45 INFO]: GroupManager version 2.1.11 (Phoenix) is enabled!
[21:55:45 INFO]: WEPIF: GroupManager detected! Using GroupManager for permissions.
[21:55:45 INFO]: Essentials: Using GroupManager based permissions.
[21:55:45 INFO]: [EssentialsChat] Enabling EssentialsChat v2.13.1
[21:55:45 INFO]: [EssentialsProtect] Enabling EssentialsProtect v2.13.1
[21:55:45 INFO]: Server permissions file permissions.yml is empty, ignoring it
[21:55:45 INFO]: Done (2.780s)! For help, type "help" or "?"
[21:55:45 INFO]: GroupManager - INFO - Bukkit Permissions Updated!
[22:36:52 INFO]: Kevlar[/192.168.1.156:50416] logged in with entity id 218 at ([kevlar] 73.73240893316766, 95.89946310215379, 520.01924421213)
[22:37:59 INFO]: Kevlar lost connection: Internal Exception: java.io.IOException: Connection reset by peer
[22:37:59 INFO]: Kevlar left the game.
[02:10:14 INFO]: MickeyAndPluto[/192.168.1.39:57143] logged in with entity id 1259 at ([kevlar] -51.612135532432106, 64.0, 283.06723977783497)
[02:11:16 INFO]: [WorldEdit] Using external NmsBlock for this version: CBXNmsBlock_175_5xcompat
[02:11:17 INFO]: Stopping server
Loading libraries, please wait...
WARNING: An illegal reflective access operation has occurred
WARNING: Illegal reflective access by net.minecraft.util.io.netty.util.internal.PlatformDependent0 (file:/home/mc/mc/yold-bukkit/craftbukkit.jar) to field java.nio.DirectByteBuffer.cleaner
WARNING: Please consider reporting this to the maintainers of net.minecraft.util.io.netty.util.internal.PlatformDependent0
WARNING: Use --illegal-access=warn to enable warnings of further illegal reflective access operations
WARNING: All illegal access operations will be denied in a future release
Aug 26, 2018 2:12:13 AM net.minecraft.util.io.netty.util.internal.PlatformDependent <clinit>
INFO: Your platform does not provide complete low-level API for accessing direct buffers reliably. Unless explicitly requested, heap buffer will always be preferred to avoid potential system unstability.
[02:12:13 INFO]: Starting minecraft server version 1.7.9
[02:12:13 INFO]: Loading properties
[02:12:13 ERROR]: Exception handling console input
java.io.IOException: Bad file descriptor
	at java.base/java.io.FileInputStream.readBytes(Native Method) ~[?:?]
	at java.base/java.io.FileInputStream.read(FileInputStream.java:280) ~[?:?]
	at java.base/java.io.BufferedInputStream.fill(BufferedInputStream.java:252) ~[?:?]
	at java.base/java.io.BufferedInputStream.read(BufferedInputStream.java:271) ~[?:?]
	at java.base/java.io.FilterInputStream.read(FilterInputStream.java:83) ~[?:?]
	at org.bukkit.craftbukkit.libs.jline.console.ConsoleReader$1.read(ConsoleReader.java:167) ~[craftbukkit.jar:git-Bukkit-1.7.9-R0.1-10-g8688bd4-b3092jnks]
	at org.bukkit.craftbukkit.libs.jline.internal.InputStreamReader.read(InputStreamReader.java:267) ~[craftbukkit.jar:git-Bukkit-1.7.9-R0.1-10-g8688bd4-b3092jnks]
	at org.bukkit.craftbukkit.libs.jline.internal.InputStreamReader.read(InputStreamReader.java:204) ~[craftbukkit.jar:git-Bukkit-1.7.9-R0.1-10-g8688bd4-b3092jnks]
	at org.bukkit.craftbukkit.libs.jline.console.ConsoleReader.readCharacter(ConsoleReader.java:995) ~[craftbukkit.jar:git-Bukkit-1.7.9-R0.1-10-g8688bd4-b3092jnks]
	at org.bukkit.craftbukkit.libs.jline.console.ConsoleReader.readLineSimple(ConsoleReader.java:1506) ~[craftbukkit.jar:git-Bukkit-1.7.9-R0.1-10-g8688bd4-b3092jnks]
	at org.bukkit.craftbukkit.libs.jline.console.ConsoleReader.readLine(ConsoleReader.java:1153) ~[craftbukkit.jar:git-Bukkit-1.7.9-R0.1-10-g8688bd4-b3092jnks]
	at org.bukkit.craftbukkit.libs.jline.console.ConsoleReader.readLine(ConsoleReader.java:1117) ~[craftbukkit.jar:git-Bukkit-1.7.9-R0.1-10-g8688bd4-b3092jnks]
	at org.bukkit.craftbukkit.libs.jline.console.ConsoleReader.readLine(ConsoleReader.java:1105) ~[craftbukkit.jar:git-Bukkit-1.7.9-R0.1-10-g8688bd4-b3092jnks]
	at net.minecraft.server.v1_7_R3.ThreadCommandReader.run(ThreadCommandReader.java:34) [craftbukkit.jar:git-Bukkit-1.7.9-R0.1-10-g8688bd4-b3092jnks]
[02:12:13 INFO]: Default game type: ADVENTURE
[02:12:13 INFO]: Generating keypair
[02:12:13 INFO]: Starting Minecraft server on *:25565
[02:12:14 INFO]: This server is running CraftBukkit version git-Bukkit-1.7.9-R0.1-10-g8688bd4-b3092jnks (MC: 1.7.9) (Implementing API version 1.7.9-R0.2)
[02:12:14 INFO]: [WorldEdit] Loading WorldEdit v5.6.2
[02:12:14 INFO]: [SignEdit] Loading SignEdit v3.3.9
[02:12:14 INFO]: [RunAs] Loading RunAs v1.0.1
[02:12:14 INFO]: [AntiCreeper] Loading AntiCreeper v4.18.1
[02:12:14 INFO]: [Essentials] Loading Essentials v2.13.1
[02:12:14 INFO]: [Speedcarts] Loading Speedcarts v1.3.5
[02:12:14 INFO]: [GroupManager] Loading GroupManager v2.1.11 (Phoenix)
[02:12:14 INFO]: [EssentialsChat] Loading EssentialsChat v2.13.1
[02:12:14 INFO]: [EssentialsProtect] Loading EssentialsProtect v2.13.1
[02:12:14 WARN]: **** SERVER IS RUNNING IN OFFLINE/INSECURE MODE!
[02:12:14 WARN]: The server will make no attempt to authenticate usernames. Beware.
[02:12:14 WARN]: While this makes the game possible to play without internet access, it also opens up the ability for hackers to connect with any username they choose.
[02:12:14 WARN]: To change this, set "online-mode" to "true" in the server.properties file.
[02:12:14 INFO]: Preparing level "kevlar"
[02:12:14 INFO]: Preparing start region for level 0 (Seed: -6429030645283485143)
[02:12:15 INFO]: Preparing start region for level 1 (Seed: -5412670237699833762)
[02:12:15 INFO]: Preparing start region for level 2 (Seed: -5412670237699833762)
[02:12:15 INFO]: [WorldEdit] Enabling WorldEdit v5.6.2
[02:12:15 INFO]: WEPIF: Using the Bukkit Permissions API.
[02:12:15 INFO]: [SignEdit] Enabling SignEdit v3.3.9
[02:12:15 INFO]: [RunAs] Enabling RunAs v1.0.1
[02:12:15 INFO]: [AntiCreeper] Enabling AntiCreeper v4.18.1
[02:12:15 INFO]: [AntiCreeper] brought to you by Filbert66
[02:12:16 INFO]: [Essentials] Enabling Essentials v2.13.1
[02:12:16 INFO]: Essentials: Using config file enhanced permissions.
[02:12:16 INFO]: Permissions listed in as player-commands will be given to all users.
[02:12:16 INFO]: [Speedcarts] Enabling Speedcarts v1.3.5
[02:12:16 INFO]: [Speedcarts] Checking for updates...
[02:12:16 WARN]: [Speedcarts] [33mSpeedcarts could not check for updates [java.net.UnknownHostException: version.znt.se].[m
[02:12:16 INFO]: [Speedcarts] Speedcarts enabled!
[02:12:16 INFO]: [GroupManager] Enabling GroupManager v2.1.11 (Phoenix)
[02:12:16 INFO]: GroupManager - INFO - World Found: kevlar
[02:12:16 INFO]: GroupManager - INFO - World Found: world
[02:12:16 INFO]: GroupManager - INFO - Superperms support enabled.
[02:12:16 INFO]: GroupManager - INFO - Scheduled Data Saving is set for every 10 minutes!
[02:12:16 INFO]: GroupManager - INFO - Backups will be retained for 24 hours!
[02:12:16 INFO]: GroupManager version 2.1.11 (Phoenix) is enabled!
[02:12:16 INFO]: WEPIF: GroupManager detected! Using GroupManager for permissions.
[02:12:16 INFO]: Essentials: Using GroupManager based permissions.
[02:12:16 INFO]: [EssentialsChat] Enabling EssentialsChat v2.13.1
[02:12:16 INFO]: [EssentialsProtect] Enabling EssentialsProtect v2.13.1
[02:12:16 INFO]: Server permissions file permissions.yml is empty, ignoring it
[02:12:16 INFO]: Done (2.320s)! For help, type "help" or "?"
[02:12:16 INFO]: GroupManager - INFO - Bukkit Permissions Updated!
[02:12:24 INFO]: MickeyAndPluto[/192.168.1.39:57155] logged in with entity id 214 at ([kevlar] -112.5467921976829, 66.0, 315.30000001192093)
[02:12:24 INFO]: [WorldEdit] Using external NmsBlock for this version: CBXNmsBlock_175_5xcompat
[02:12:37 INFO]: Stopping server
Loading libraries, please wait...
WARNING: An illegal reflective access operation has occurred
WARNING: Illegal reflective access by net.minecraft.util.io.netty.util.internal.PlatformDependent0 (file:/home/mc/mc/yold-bukkit/craftbukkit.jar) to field java.nio.DirectByteBuffer.cleaner
WARNING: Please consider reporting this to the maintainers of net.minecraft.util.io.netty.util.internal.PlatformDependent0
WARNING: Use --illegal-access=warn to enable warnings of further illegal reflective access operations
WARNING: All illegal access operations will be denied in a future release
Aug 26, 2018 5:46:49 AM net.minecraft.util.io.netty.util.internal.PlatformDependent <clinit>
INFO: Your platform does not provide complete low-level API for accessing direct buffers reliably. Unless explicitly requested, heap buffer will always be preferred to avoid potential system unstability.
[05:46:49 ERROR]: Exception handling console input
java.io.IOException: Bad file descriptor
	at java.base/java.io.FileInputStream.readBytes(Native Method) ~[?:?]
	at java.base/java.io.FileInputStream.read(FileInputStream.java:280) ~[?:?]
	at java.base/java.io.BufferedInputStream.fill(BufferedInputStream.java:252) ~[?:?]
	at java.base/java.io.BufferedInputStream.read(BufferedInputStream.java:271) ~[?:?]
	at java.base/java.io.FilterInputStream.read(FilterInputStream.java:83) ~[?:?]
	at org.bukkit.craftbukkit.libs.jline.console.ConsoleReader$1.read(ConsoleReader.java:167) ~[craftbukkit.jar:git-Bukkit-1.7.9-R0.1-10-g8688bd4-b3092jnks]
	at org.bukkit.craftbukkit.libs.jline.internal.InputStreamReader.read(InputStreamReader.java:267) ~[craftbukkit.jar:git-Bukkit-1.7.9-R0.1-10-g8688bd4-b3092jnks]
	at org.bukkit.craftbukkit.libs.jline.internal.InputStreamReader.read(InputStreamReader.java:204) ~[craftbukkit.jar:git-Bukkit-1.7.9-R0.1-10-g8688bd4-b3092jnks]
	at org.bukkit.craftbukkit.libs.jline.console.ConsoleReader.readCharacter(ConsoleReader.java:995) ~[craftbukkit.jar:git-Bukkit-1.7.9-R0.1-10-g8688bd4-b3092jnks]
	at org.bukkit.craftbukkit.libs.jline.console.ConsoleReader.readLineSimple(ConsoleReader.java:1506) ~[craftbukkit.jar:git-Bukkit-1.7.9-R0.1-10-g8688bd4-b3092jnks]
	at org.bukkit.craftbukkit.libs.jline.console.ConsoleReader.readLine(ConsoleReader.java:1153) ~[craftbukkit.jar:git-Bukkit-1.7.9-R0.1-10-g8688bd4-b3092jnks]
	at org.bukkit.craftbukkit.libs.jline.console.ConsoleReader.readLine(ConsoleReader.java:1117) ~[craftbukkit.jar:git-Bukkit-1.7.9-R0.1-10-g8688bd4-b3092jnks]
	at org.bukkit.craftbukkit.libs.jline.console.ConsoleReader.readLine(ConsoleReader.java:1105) ~[craftbukkit.jar:git-Bukkit-1.7.9-R0.1-10-g8688bd4-b3092jnks]
	at net.minecraft.server.v1_7_R3.ThreadCommandReader.run(ThreadCommandReader.java:34) [craftbukkit.jar:git-Bukkit-1.7.9-R0.1-10-g8688bd4-b3092jnks]
[05:46:49 INFO]: Starting minecraft server version 1.7.9
[05:46:49 INFO]: Loading properties
[05:46:49 INFO]: Default game type: ADVENTURE
[05:46:49 INFO]: Generating keypair
[05:46:49 INFO]: Starting Minecraft server on *:25565
[05:46:49 INFO]: This server is running CraftBukkit version git-Bukkit-1.7.9-R0.1-10-g8688bd4-b3092jnks (MC: 1.7.9) (Implementing API version 1.7.9-R0.2)
[05:46:49 INFO]: [WorldEdit] Loading WorldEdit v5.6.2
[05:46:49 INFO]: [SignEdit] Loading SignEdit v3.3.9
[05:46:49 INFO]: [RunAs] Loading RunAs v1.0.1
[05:46:49 INFO]: [AntiCreeper] Loading AntiCreeper v4.18.1
[05:46:49 INFO]: [Essentials] Loading Essentials v2.13.1
[05:46:49 INFO]: [Speedcarts] Loading Speedcarts v1.3.5
[05:46:49 INFO]: [GroupManager] Loading GroupManager v2.1.11 (Phoenix)
[05:46:49 INFO]: [EssentialsChat] Loading EssentialsChat v2.13.1
[05:46:49 INFO]: [EssentialsProtect] Loading EssentialsProtect v2.13.1
[05:46:49 WARN]: **** SERVER IS RUNNING IN OFFLINE/INSECURE MODE!
[05:46:49 WARN]: The server will make no attempt to authenticate usernames. Beware.
[05:46:49 WARN]: While this makes the game possible to play without internet access, it also opens up the ability for hackers to connect with any username they choose.
[05:46:49 WARN]: To change this, set "online-mode" to "true" in the server.properties file.
[05:46:49 INFO]: Preparing level "kevlar"
[05:46:49 INFO]: Preparing start region for level 0 (Seed: -6429030645283485143)
[05:46:50 INFO]: Preparing start region for level 1 (Seed: -5412670237699833762)
[05:46:51 INFO]: Preparing start region for level 2 (Seed: -5412670237699833762)
[05:46:51 INFO]: [WorldEdit] Enabling WorldEdit v5.6.2
[05:46:51 INFO]: WEPIF: Using the Bukkit Permissions API.
[05:46:51 INFO]: [SignEdit] Enabling SignEdit v3.3.9
[05:46:51 INFO]: [RunAs] Enabling RunAs v1.0.1
[05:46:51 INFO]: [AntiCreeper] Enabling AntiCreeper v4.18.1
[05:46:51 INFO]: [AntiCreeper] brought to you by Filbert66
[05:46:51 INFO]: [Essentials] Enabling Essentials v2.13.1
[05:46:51 INFO]: Essentials: Using config file enhanced permissions.
[05:46:51 INFO]: Permissions listed in as player-commands will be given to all users.
[05:46:51 INFO]: [Speedcarts] Enabling Speedcarts v1.3.5
[05:46:51 INFO]: [Speedcarts] Checking for updates...
[05:46:51 WARN]: [Speedcarts] [33mSpeedcarts could not check for updates [java.net.UnknownHostException: version.znt.se].[m
[05:46:51 INFO]: [Speedcarts] Speedcarts enabled!
[05:46:51 INFO]: [GroupManager] Enabling GroupManager v2.1.11 (Phoenix)
[05:46:51 INFO]: GroupManager - INFO - World Found: kevlar
[05:46:51 INFO]: GroupManager - INFO - World Found: world
[05:46:51 INFO]: GroupManager - INFO - Superperms support enabled.
[05:46:51 INFO]: GroupManager - INFO - Scheduled Data Saving is set for every 10 minutes!
[05:46:51 INFO]: GroupManager - INFO - Backups will be retained for 24 hours!
[05:46:51 INFO]: GroupManager version 2.1.11 (Phoenix) is enabled!
[05:46:51 INFO]: WEPIF: GroupManager detected! Using GroupManager for permissions.
[05:46:51 INFO]: Essentials: Using GroupManager based permissions.
[05:46:51 INFO]: [EssentialsChat] Enabling EssentialsChat v2.13.1
[05:46:51 INFO]: [EssentialsProtect] Enabling EssentialsProtect v2.13.1
[05:46:51 INFO]: Server permissions file permissions.yml is empty, ignoring it
[05:46:51 INFO]: Done (1.744s)! For help, type "help" or "?"
[05:46:51 INFO]: GroupManager - INFO - Bukkit Permissions Updated!
[07:17:53 INFO]: korvallis[/98.246.222.7:42094] logged in with entity id 217 at ([kevlar] 1.5044253754624726, 127.66103997699854, 669.3149092423401)
[07:18:25 INFO]: korvallis issued server command: /weather set sunny
[07:18:35 INFO]: korvallis issued server command: /toggledownfall
[07:18:35 INFO]: korvallis: Toggling downfall on for world 'kevlar'
[07:18:40 INFO]: korvallis issued server command: /toggledownfall
[07:18:40 INFO]: korvallis: Toggling downfall off for world 'kevlar'
[07:19:04 INFO]: korvallis issued server command: /gamemode c
[07:19:04 INFO]: [WorldEdit] Using external NmsBlock for this version: CBXNmsBlock_175_5xcompat
[07:19:24 INFO]: korvallis issued server command: /set 0
[07:19:24 INFO]: WorldEdit: korvallis (in "kevlar"): /set 0 - Region: (-94.0, 64.0, 708.0) - (-82.0, 66.0, 709.0)
[07:20:29 INFO]: korvallis issued server command: /set 0
[07:20:29 INFO]: WorldEdit: korvallis (in "kevlar"): /set 0 - Region: (-89.0, 67.0, 708.0) - (-74.0, 67.0, 709.0)
[07:20:36 INFO]: korvallis issued server command: /set 0
[07:20:36 INFO]: WorldEdit: korvallis (in "kevlar"): /set 0 - Region: (-81.0, 64.0, 708.0) - (-74.0, 66.0, 709.0)
[07:22:07 INFO]: korvallis issued server command: /set 0
[07:22:07 INFO]: WorldEdit: korvallis (in "kevlar"): /set 0 - Region: (-93.0, 64.0, 699.0) - (-86.0, 66.0, 707.0)
[07:23:40 INFO]: korvallis issued server command: /set 0
[07:23:40 INFO]: WorldEdit: korvallis (in "kevlar"): /set 0 - Region: (-93.0, 64.0, 707.0) - (-74.0, 67.0, 710.0)
[07:24:17 INFO]: korvallis issued server command: /set 0
[07:24:17 INFO]: WorldEdit: korvallis (in "kevlar"): /set 0 - Region: (-91.0, 64.0, 707.0) - (-63.0, 69.0, 710.0)
[07:24:45 INFO]: korvallis issued server command: /set c0bble
[07:24:45 INFO]: WorldEdit: korvallis (in "kevlar"): /set c0bble - Region: (-78.0, 64.0, 708.0) - (-69.0, 64.0, 709.0)
[07:24:49 INFO]: korvallis issued server command: /set cobble
[07:24:49 INFO]: WorldEdit: korvallis (in "kevlar"): /set cobble - Region: (-78.0, 64.0, 708.0) - (-69.0, 64.0, 709.0)
[07:27:10 INFO]: korvallis issued server command: /set 0
[07:27:10 INFO]: WorldEdit: korvallis (in "kevlar"): /set 0 - Region: (-76.0, 70.0, 707.0) - (-63.0, 70.0, 710.0)
[07:30:51 INFO]: korvallis issued server command: /set 0
[07:30:51 INFO]: WorldEdit: korvallis (in "kevlar"): /set 0 - Region: (-64.0, 67.0, 680.0) - (-63.0, 70.0, 711.0)
[07:31:03 INFO]: korvallis issued server command: /set 0
[07:31:03 INFO]: WorldEdit: korvallis (in "kevlar"): /set 0 - Region: (-66.0, 66.0, 680.0) - (-65.0, 70.0, 706.0)
[07:31:32 INFO]: korvallis issued server command: /set 0
[07:31:32 INFO]: WorldEdit: korvallis (in "kevlar"): /set 0 - Region: (-76.0, 71.0, 707.0) - (-63.0, 78.0, 710.0)
[07:35:36 INFO]: korvallis issued server command: /set 0
[07:35:36 INFO]: WorldEdit: korvallis (in "kevlar"): /set 0 - Region: (-81.0, 64.0, 699.0) - (-76.0, 69.0, 705.0)
[07:35:45 INFO]: korvallis issued server command: /set 0
[07:35:45 INFO]: WorldEdit: korvallis (in "kevlar"): /set 0 - Region: (-81.0, 64.0, 699.0) - (-75.0, 69.0, 705.0)
[08:04:26 INFO]: korvallis issued server command: /set 0
[08:04:26 INFO]: WorldEdit: korvallis (in "kevlar"): /set 0 - Region: (-66.0, 71.0, 688.0) - (-63.0, 74.0, 706.0)
[08:08:32 INFO]: korvallis issued server command: /set 0
[08:08:32 INFO]: WorldEdit: korvallis (in "kevlar"): /set 0 - Region: (-65.0, 68.0, 711.0) - (-63.0, 71.0, 720.0)
[08:08:46 INFO]: korvallis issued server command: /set 0
[08:08:46 INFO]: WorldEdit: korvallis (in "kevlar"): /set 0 - Region: (-65.0, 72.0, 711.0) - (-63.0, 74.0, 719.0)
[08:12:40 INFO]: korvallis issued server command: /set 0
[08:12:40 INFO]: WorldEdit: korvallis (in "kevlar"): /set 0 - Region: (-73.0, 65.0, 698.0) - (-67.0, 74.0, 705.0)
[08:26:38 INFO]: korvallis issued server command: /set 0
[08:26:38 INFO]: WorldEdit: korvallis (in "kevlar"): /set 0 - Region: (-73.0, 67.0, 711.0) - (-66.0, 76.0, 717.0)
[08:26:44 INFO]: korvallis issued server command: /undo
[08:26:44 INFO]: WorldEdit: korvallis (in "kevlar"): /undo
[08:26:53 INFO]: korvallis issued server command: /set 0
[08:26:53 INFO]: WorldEdit: korvallis (in "kevlar"): /set 0 - Region: (-73.0, 67.0, 712.0) - (-66.0, 76.0, 717.0)
[08:35:21 INFO]: korvallis issued server command: /set 0
[08:35:21 INFO]: WorldEdit: korvallis (in "kevlar"): /set 0 - Region: (-65.0, 66.0, 720.0) - (-63.0, 74.0, 727.0)
[08:39:02 INFO]: korvallis issued server command: /regen
[08:39:02 INFO]: WorldEdit: korvallis (in "kevlar"): /regen - Region: (-66.0, 66.0, 723.0) - (-62.0, 74.0, 727.0)
[08:44:43 INFO]: korvallis issued server command: /killall mobs
[09:02:45 INFO]: korvallis issued server command: /set 0
[09:02:45 INFO]: WorldEdit: korvallis (in "kevlar"): /set 0 - Region: (-82.0, 64.0, 712.0) - (-74.0, 68.0, 716.0)
[09:05:28 INFO]: korvallis issued server command: /killallmobs
[09:05:33 INFO]: korvallis issued server command: /killall mobs
[09:07:23 INFO]: korvallis issued server command: /set 0
[09:07:23 INFO]: WorldEdit: korvallis (in "kevlar"): /set 0 - Region: (-82.0, 64.0, 717.0) - (-74.0, 68.0, 721.0)
[09:31:18 INFO]: korvallis lost connection: Disconnected
[09:31:18 INFO]: korvallis left the game.
[17:03:35 INFO]: Maximum4[/24.22.82.26:56572] logged in with entity id 107203 at ([kevlar] -265.80082919886934, 64.0, 987.8149418285722)
[17:03:40 INFO]: Maximum4 issued server command: /gamemode c
[17:05:43 INFO]: Maximum4 issued server command: /give maximum4 command_block
[17:05:56 INFO]: Maximum4 issued server command: /give maximum4 command_block
[17:06:26 INFO]: CommandBlock at -269,59,988 issued server command: /gamemode s Maximum4
[17:06:29 INFO]: Maximum4 issued server command: /gamemode c
[17:06:36 INFO]: Maximum4 issued server command: /clear
[17:06:51 INFO]: GroupManager - INFO -  Data files refreshed.
[17:07:39 INFO]: Maximum4 issued server command: /time set 0
[17:08:51 INFO]: CommandBlock at -269,59,988 issued server command: /gamemode s Maximum4
[17:09:05 INFO]: CommandBlock at -269,59,988 issued server command: /gamemode s Maximum4
[17:09:11 INFO]: Maximum4 issued server command: /gamemode c
[17:18:10 INFO]: Maximum4 issued server command: /time set 0
[17:28:19 INFO]: Maximum4 issued server command: /time set 0
[17:38:29 INFO]: Maximum4 issued server command: /time set 0
[17:44:18 INFO]: Maximum4 lost connection: Disconnected
[17:44:18 INFO]: Maximum4 left the game.
[17:53:56 INFO]: korvallis[/98.246.222.7:39293] logged in with entity id 156493 at ([kevlar] -74.98729159751238, 70.90382684863792, 709.0832608608767)
[17:54:03 INFO]: korvallis issued server command: /gamemode c
[17:54:06 INFO]: korvallis issued server command: /time set day
[18:03:50 INFO]: korvallis issued server command: /set 0
[18:03:50 INFO]: WorldEdit: korvallis (in "kevlar"): /set 0 - Region: (-62.0, 66.0, 690.0) - (-57.0, 74.0, 696.0)
[18:06:42 INFO]: korvallis issued server command: /undo
[18:06:42 INFO]: WorldEdit: korvallis (in "kevlar"): /undo
[18:06:57 INFO]: korvallis issued server command: /set 0
[18:06:57 INFO]: WorldEdit: korvallis (in "kevlar"): /set 0 - Region: (-62.0, 66.0, 690.0) - (-57.0, 73.0, 696.0)
[18:11:59 INFO]: korvallis issued server command: /set 0
[18:11:59 INFO]: WorldEdit: korvallis (in "kevlar"): /set 0 - Region: (-61.0, 67.0, 682.0) - (-57.0, 69.0, 688.0)
[18:17:36 INFO]: Kevlar[/192.168.1.156:65117] logged in with entity id 180070 at ([kevlar] -118.37842308793492, 73.54278669770211, 736.0982086260489)
[18:17:44 INFO]: Kevlar issued server command: /tp korvallis
[18:18:02 INFO]: <Kevlar> ching chong
[18:18:06 INFO]: <korvallis> yep
[18:18:17 INFO]: <korvallis> look down the hallway
[18:18:23 INFO]: <Kevlar> so narrow??
[18:18:28 INFO]: <korvallis> yes
[18:18:36 INFO]: Kevlar issued server command: /gm c
[18:18:45 INFO]: korvallis issued server command: /suposed to be narrow
[18:18:51 INFO]: <korvallis> supposed to be narrow
[18:19:17 INFO]: <korvallis> still woking on down here
[18:19:36 INFO]: Kevlar lost connection: Disconnected
[18:19:36 INFO]: Kevlar left the game.
[18:20:47 INFO]: korvallis issued server command: /killall mobs
[18:29:51 INFO]: Maximum4[/24.22.82.26:56876] logged in with entity id 190911 at ([kevlar] -255.9108649632691, 78.74172709945104, 982.4436806327886)
[18:29:54 INFO]: korvallis issued server command: /toggledownfall
[18:29:54 INFO]: korvallis: Toggling downfall off for world 'kevlar'
[18:29:59 INFO]: korvallis issued server command: /time set day
[18:30:00 INFO]: Maximum4 issued server command: /gamemode c
[18:40:25 INFO]: Maximum4 issued server command: /time set 0
[18:47:47 INFO]: korvallis issued server command: /set 0
[18:47:47 INFO]: WorldEdit: korvallis (in "kevlar"): /set 0 - Region: (-90.0, 64.0, 712.0) - (-85.0, 68.0, 718.0)
[18:49:14 INFO]: Maximum4 issued server command: /give maximum4 command_block
[18:49:22 INFO]: Maximum4 issued server command: /give maximum4 command_block
[18:49:34 INFO]: Maximum4 issued server command: /give maximum4 command_block
[18:49:46 INFO]: Maximum4 issued server command: /give maximum4 command_block
[18:51:18 INFO]: Maximum4 issued server command: /time set 0
[18:55:26 INFO]: [@: Block placed]
[18:56:20 INFO]: korvallis issued server command: /tp Maximum4
[18:56:33 INFO]: korvallis issued server command: /thru
[18:56:33 INFO]: WorldEdit: korvallis (in "kevlar"): thru
[18:56:36 INFO]: korvallis issued server command: /thru
[18:56:36 INFO]: WorldEdit: korvallis (in "kevlar"): thru
[18:56:40 INFO]: korvallis issued server command: /thru
[18:56:40 INFO]: WorldEdit: korvallis (in "kevlar"): thru
[18:56:43 INFO]: korvallis issued server command: /thru
[18:56:43 INFO]: WorldEdit: korvallis (in "kevlar"): thru
[18:56:46 INFO]: korvallis issued server command: /thru
[18:56:46 INFO]: WorldEdit: korvallis (in "kevlar"): thru
[18:58:11 INFO]: [@: Block placed]
[18:58:41 INFO]: Faytkneas[/71.63.248.232:51709] logged in with entity id 249916 at ([kevlar] 198.06712152678625, 71.90382143613951, 566.558747839378)
[18:58:59 INFO]: Maximum4 issued server command: /tphere faytkneas
[18:59:39 INFO]: Maximum4 issued server command: /gamemode c faytkneas
[19:00:25 INFO]: [@: Block placed]
[19:00:27 INFO]: Maximum4 issued server command: /toggledownfall
[19:00:27 INFO]: Maximum4: Toggling downfall off for world 'kevlar'
[19:00:49 INFO]: Maximum4 issued server command: /tphere faytkneas
[19:01:25 INFO]: Maximum4 issued server command: /time set 0
[19:02:25 INFO]: Maximum4 issued server command: /give maximum4 barrier
[19:02:29 INFO]: Maximum4 issued server command: /give maximum4 barrier_block
[19:02:44 INFO]: [@: Block placed]
[19:04:44 INFO]: [@: Block placed]
[19:04:44 INFO]: [@: Block placed]
[19:04:44 INFO]: [@: Block placed]
[19:05:48 INFO]: [@: Block placed]
[19:05:48 INFO]: [@: Block placed]
[19:05:48 INFO]: [@: Block placed]
[19:05:52 INFO]: [@: Block placed]
[19:06:00 INFO]: [@: Block placed]
[19:06:14 INFO]: [@: Block placed]
[19:06:14 INFO]: [@: Block placed]
[19:06:42 INFO]: [@: Block placed]
[19:06:51 INFO]: GroupManager - INFO -  Data files refreshed.
[19:07:52 INFO]: [@: Block placed]
[19:09:10 INFO]: Maximum4 issued server command: /op faytkneas
[19:09:10 INFO]: Maximum4: Opped faytkneas
[19:10:17 INFO]: Kevlar[/192.168.1.156:65191] logged in with entity id 281208 at ([kevlar] -100.94774475007559, 64.0, 707.6542723556406)
[19:10:22 INFO]: Kevlar issued server command: /
[19:10:22 INFO]: WorldEdit: Kevlar (in "kevlar"): /
[19:10:23 INFO]: Kevlar issued server command: /
[19:10:23 INFO]: WorldEdit: Kevlar (in "kevlar"): /
[19:10:25 INFO]: <Kevlar> yoooo
[19:10:27 INFO]: <Faytkneas> hi keviinnn
[19:10:32 INFO]: <Kevlar> ppl who are oping each other
[19:10:32 INFO]: <Maximum4> hi
[19:10:36 INFO]: <Kevlar> be careful pls
[19:10:43 INFO]: <Kevlar> no world edit i can see the command logs
[19:10:48 INFO]: <Maximum4> i opped aaron
[19:10:53 INFO]: <Kevlar> that all good
[19:11:00 INFO]: <Kevlar> no world edit commands
[19:11:00 INFO]: HurskyMurster[/73.96.87.228:59507] logged in with entity id 282499 at ([kevlar] 131.5, 66.0, 256.5)
[19:11:00 INFO]: Creating empty config: /home/mc/mc/yold-bukkit/plugins/Essentials/userdata/hurskymurster.yml
[19:11:02 INFO]: <Maximum4> so we cant use /setblock? even if its just a few blocks?
[19:11:08 INFO]: <Maximum4> im using it for a parkour
[19:11:11 INFO]: HurskyMurster issued server command: /gamemode 2
[19:11:11 INFO]: §cHurskyMurster §4was denied access to command.
[19:11:20 INFO]: CommandBlock at 128,63,257 issued server command: /gm c HurskyMurster
[19:11:20 INFO]: CommandBlock at 133,63,257 issued server command: /warp citycenter HurskyMurster
[19:11:31 INFO]: <Kevlar> boi if i have to reset this world to a previous save imma be pissed thats all im saying
[19:11:39 INFO]: <Kevlar> just especially no copy paste
[19:11:43 INFO]: Kevlar issued server command: /tp Maximum4
[19:11:49 INFO]: Faytkneas issued server command: /tp HurskyMurster Faytkneas
[19:11:57 INFO]: <Maximum4> ok so i can still do it but just don't do a ton of blocks or copy and paste
[19:11:58 INFO]: <Kevlar> yo wtf is htis
[19:12:05 INFO]: <Kevlar> yeah be real careful
[19:12:13 INFO]: Kevlar issued server command: /gm c
[19:12:14 INFO]: <Maximum4> it spawns anvils that you run across
[19:12:32 INFO]: <Kevlar> lmao where is this in the city
[19:12:39 INFO]: <Maximum4> in a lake
[19:12:42 INFO]: <korvallis> its past watchtower
[19:12:44 INFO]: Kevlar issued server command: /time set day
[19:12:49 INFO]: <Kevlar> ok good place
[19:12:50 INFO]: [@: Block placed]
[19:12:59 INFO]: <Kevlar> thanks ttyl
[19:13:01 INFO]: Kevlar lost connection: Disconnected
[19:13:01 INFO]: Kevlar left the game.
[19:13:14 INFO]: [@: Block placed]
[19:13:15 INFO]: [@: Block placed]
[19:13:15 INFO]: [@: Block placed]
[19:13:16 INFO]: [@: Block placed]
[19:13:16 INFO]: [@: Block placed]
[19:13:17 INFO]: [@: Block placed]
[19:13:17 INFO]: [@: Block placed]
[19:13:46 INFO]: [@: Block placed]
[19:14:30 INFO]: HurskyMurster lost connection: Disconnected
[19:14:30 INFO]: HurskyMurster left the game.
[19:15:02 INFO]: <Faytkneas> can we give ouselves barriers
[19:15:52 INFO]: HeroicKiwi1[/73.240.14.81:61508] logged in with entity id 292891 at ([kevlar] -212.65686629465128, 75.0, 943.2453546096909)
[19:15:54 INFO]: HeroicKiwi1 lost connection: Internal Exception: java.io.IOException: Connection reset by peer
[19:15:54 INFO]: HeroicKiwi1 left the game.
[19:16:32 INFO]: korvallis issued server command: /thru
[19:16:32 INFO]: WorldEdit: korvallis (in "kevlar"): thru
[19:16:51 INFO]: GroupManager - INFO -  Data files refreshed.
[19:17:11 INFO]: [@: Block placed]
[19:17:11 INFO]: [@: Block placed]
[19:17:11 INFO]: [@: Block placed]
[19:17:11 INFO]: [@: Block placed]
[19:17:12 INFO]: [@: Block placed]
[19:17:12 INFO]: [@: Block placed]
[19:17:12 INFO]: [@: Block placed]
[19:17:13 INFO]: [@: Block placed]
[19:17:13 INFO]: [@: Block placed]
[19:17:14 INFO]: [@: Block placed]
[19:17:14 INFO]: [@: Block placed]
[19:17:14 INFO]: [@: Block placed]
[19:17:15 INFO]: HeroicKiwi1[/73.240.14.81:50385] logged in with entity id 296321 at ([kevlar] -212.65686629465128, 75.0, 943.2453546096909)
[19:17:17 INFO]: HeroicKiwi1 lost connection: Internal Exception: java.io.IOException: Connection reset by peer
[19:17:17 INFO]: HeroicKiwi1 left the game.
[19:17:20 INFO]: [@: Block placed]
[19:17:20 INFO]: [@: Block placed]
[19:17:20 INFO]: [@: Block placed]
[19:17:20 INFO]: [@: Block placed]
[19:17:21 INFO]: [@: Block placed]
[19:17:21 INFO]: [@: Block placed]
[19:17:21 INFO]: [@: Block placed]
[19:17:22 INFO]: [@: Block placed]
[19:17:22 INFO]: [@: Block placed]
[19:17:22 INFO]: [@: Block placed]
[19:17:23 INFO]: [@: Block placed]
[19:17:23 INFO]: [@: Block placed]
[19:17:36 INFO]: [@: Block placed]
[19:17:36 INFO]: [@: Block placed]
[19:17:36 INFO]: [@: Block placed]
[19:17:37 INFO]: [@: Block placed]
[19:17:37 INFO]: [@: Block placed]
[19:17:37 INFO]: [@: Block placed]
[19:17:38 INFO]: [@: Block placed]
[19:17:38 INFO]: [@: Block placed]
[19:17:39 INFO]: [@: Block placed]
[19:17:39 INFO]: korvallis issued server command: /
[19:17:39 INFO]: WorldEdit: korvallis (in "kevlar"): /
[19:17:39 INFO]: [@: Block placed]
[19:17:39 INFO]: [@: Block placed]
[19:17:39 INFO]: [@: Block placed]
[19:17:40 INFO]: korvallis issued server command: /
[19:17:40 INFO]: WorldEdit: korvallis (in "kevlar"): /
[19:17:45 INFO]: [@: Block placed]
[19:17:45 INFO]: [@: Block placed]
[19:17:45 INFO]: [@: Block placed]
[19:17:46 INFO]: [@: Block placed]
[19:17:46 INFO]: [@: Block placed]
[19:17:46 INFO]: [@: Block placed]
[19:17:47 INFO]: [@: Block placed]
[19:17:47 INFO]: [@: Block placed]
[19:17:47 INFO]: [@: Block placed]
[19:17:48 INFO]: [@: Block placed]
[19:17:48 INFO]: [@: Block placed]
[19:17:48 INFO]: [@: Block placed]
[19:17:56 INFO]: [@: Block placed]
[19:17:56 INFO]: [@: Block placed]
[19:17:56 INFO]: [@: Block placed]
[19:17:56 INFO]: [@: Block placed]
[19:17:57 INFO]: [@: Block placed]
[19:17:57 INFO]: [@: Block placed]
[19:17:57 INFO]: [@: Block placed]
[19:17:58 INFO]: [@: Block placed]
[19:17:58 INFO]: [@: Block placed]
[19:17:59 INFO]: [@: Block placed]
[19:17:59 INFO]: [@: Block placed]
[19:17:59 INFO]: [@: Block placed]
[19:18:01 INFO]: korvallis issued server command: /say soo much spam
[19:18:01 INFO]: [korvallis] soo much spam
[19:18:24 INFO]: [@: Block placed]
[19:18:24 INFO]: [@: Block placed]
[19:18:24 INFO]: [@: Block placed]
[19:18:24 INFO]: [@: Block placed]
[19:18:25 INFO]: [@: Block placed]
[19:18:25 INFO]: [@: Block placed]
[19:18:25 INFO]: [@: Block placed]
[19:18:26 INFO]: [@: Block placed]
[19:18:26 INFO]: [@: Block placed]
[19:18:26 INFO]: [@: Block placed]
[19:18:27 INFO]: [@: Block placed]
[19:18:27 INFO]: [@: Block placed]
[19:18:30 INFO]: korvallis issued server command: /thru
[19:18:30 INFO]: WorldEdit: korvallis (in "kevlar"): thru
[19:18:46 INFO]: Faytkneas lost connection: Disconnected
[19:18:46 INFO]: Faytkneas left the game.
[19:19:04 INFO]: Maximum4 lost connection: Disconnected
[19:19:04 INFO]: Maximum4 left the game.
[19:27:14 INFO]: CommandBlock at -86,66,756 issued server command: /warp dildo korvallis
[19:27:25 INFO]: CommandBlock at -348,82,654 issued server command: /give korvallis stick 1 lore:sword_of_champions name:dildo
[19:27:31 INFO]: CommandBlock at -348,82,654 issued server command: /give korvallis stick 1 lore:sword_of_champions name:dildo
[19:27:37 INFO]: korvallis issued server command: /back
[19:28:03 INFO]: korvallis issued server command: /timesetday
[19:28:06 INFO]: korvallis issued server command: /time set day
[19:30:19 INFO]: korvallis issued server command: /restore
[19:30:19 INFO]: WorldEdit: korvallis (in "kevlar"): restore - Region: (5.0, 62.0, 756.0) - (22.0, 105.0, 765.0)
[19:30:25 INFO]: korvallis issued server command: /regen
[19:30:25 INFO]: WorldEdit: korvallis (in "kevlar"): /regen - Region: (5.0, 62.0, 756.0) - (22.0, 105.0, 765.0)
[19:32:27 INFO]: korvallis issued server command: /set 17 0
[19:32:35 INFO]: korvallis issued server command: /replace 17 0
[19:32:35 INFO]: WorldEdit: korvallis (in "kevlar"): /replace 17 0 - Region: (-105.0, 67.0, 731.0) - (-83.0, 76.0, 762.0)
[19:39:46 INFO]: korvallis issued server command: /time set day
[19:41:17 INFO]: Kevlar[/192.168.1.156:65374] logged in with entity id 330258 at ([kevlar] -251.20997844181065, 112.70730305936603, 980.9426022344987)
[19:41:22 INFO]: Kevlar issued server command: /list
[19:41:30 INFO]: <Kevlar> hiya
[19:41:33 INFO]: <Kevlar> r u afk
[19:41:41 INFO]: <korvallis> nope
[19:41:43 INFO]: <Kevlar> server is reboot in a few secs
[19:41:47 INFO]: korvallis issued server command: /kk
[19:41:48 INFO]: <Kevlar> to save state is ok
[19:41:50 INFO]: <korvallis> kkk
[19:41:54 INFO]: <korvallis> yes save
[19:41:56 INFO]: korvallis lost connection: Disconnected
[19:41:56 INFO]: korvallis left the game.
[19:42:26 INFO]: Stopping server
