[10:37:07] [Server thread/INFO]: Starting minecraft server version 1.7.9
[10:37:07] [Server thread/INFO]: Loading properties
[10:37:07] [Server thread/WARN]: server.properties does not exist
[10:37:07] [Server thread/INFO]: Generating new properties file
[10:37:07] [Server thread/INFO]: Default game type: SURVIVAL
[10:37:07] [Server thread/INFO]: Generating keypair
[10:37:07] [Server thread/INFO]: Starting Minecraft server on *:25565
[10:37:07] [Server thread/INFO]: This server is running CraftBukkit version git-Bukkit-1.7.9-R0.1-10-g8688bd4-b3092jnks (MC: 1.7.9) (Implementing API version 1.7.9-R0.2)
[10:37:08] [Server thread/WARN]: Failed to load user banlist: 
java.io.FileNotFoundException: banned-players.json (No such file or directory)
	at java.io.FileInputStream.open0(Native Method) ~[?:1.8.0_151]
	at java.io.FileInputStream.open(FileInputStream.java:195) ~[?:1.8.0_151]
	at java.io.FileInputStream.<init>(FileInputStream.java:138) ~[?:1.8.0_151]
	at net.minecraft.util.com.google.common.io.Files.newReader(Files.java:86) ~[craftbukkit.jar:git-Bukkit-1.7.9-R0.1-10-g8688bd4-b3092jnks]
	at net.minecraft.server.v1_7_R3.JsonList.load(JsonList.java:147) ~[craftbukkit.jar:git-Bukkit-1.7.9-R0.1-10-g8688bd4-b3092jnks]
	at net.minecraft.server.v1_7_R3.DedicatedPlayerList.y(SourceFile:99) [craftbukkit.jar:git-Bukkit-1.7.9-R0.1-10-g8688bd4-b3092jnks]
	at net.minecraft.server.v1_7_R3.DedicatedPlayerList.<init>(SourceFile:25) [craftbukkit.jar:git-Bukkit-1.7.9-R0.1-10-g8688bd4-b3092jnks]
	at net.minecraft.server.v1_7_R3.DedicatedServer.init(DedicatedServer.java:126) [craftbukkit.jar:git-Bukkit-1.7.9-R0.1-10-g8688bd4-b3092jnks]
	at net.minecraft.server.v1_7_R3.MinecraftServer.run(MinecraftServer.java:436) [craftbukkit.jar:git-Bukkit-1.7.9-R0.1-10-g8688bd4-b3092jnks]
	at net.minecraft.server.v1_7_R3.ThreadServerApplication.run(SourceFile:628) [craftbukkit.jar:git-Bukkit-1.7.9-R0.1-10-g8688bd4-b3092jnks]
[10:37:08] [Server thread/WARN]: Failed to load ip banlist: 
java.io.FileNotFoundException: banned-ips.json (No such file or directory)
	at java.io.FileInputStream.open0(Native Method) ~[?:1.8.0_151]
	at java.io.FileInputStream.open(FileInputStream.java:195) ~[?:1.8.0_151]
	at java.io.FileInputStream.<init>(FileInputStream.java:138) ~[?:1.8.0_151]
	at net.minecraft.util.com.google.common.io.Files.newReader(Files.java:86) ~[craftbukkit.jar:git-Bukkit-1.7.9-R0.1-10-g8688bd4-b3092jnks]
	at net.minecraft.server.v1_7_R3.JsonList.load(JsonList.java:147) ~[craftbukkit.jar:git-Bukkit-1.7.9-R0.1-10-g8688bd4-b3092jnks]
	at net.minecraft.server.v1_7_R3.DedicatedPlayerList.x(SourceFile:91) [craftbukkit.jar:git-Bukkit-1.7.9-R0.1-10-g8688bd4-b3092jnks]
	at net.minecraft.server.v1_7_R3.DedicatedPlayerList.<init>(SourceFile:27) [craftbukkit.jar:git-Bukkit-1.7.9-R0.1-10-g8688bd4-b3092jnks]
	at net.minecraft.server.v1_7_R3.DedicatedServer.init(DedicatedServer.java:126) [craftbukkit.jar:git-Bukkit-1.7.9-R0.1-10-g8688bd4-b3092jnks]
	at net.minecraft.server.v1_7_R3.MinecraftServer.run(MinecraftServer.java:436) [craftbukkit.jar:git-Bukkit-1.7.9-R0.1-10-g8688bd4-b3092jnks]
	at net.minecraft.server.v1_7_R3.ThreadServerApplication.run(SourceFile:628) [craftbukkit.jar:git-Bukkit-1.7.9-R0.1-10-g8688bd4-b3092jnks]
[10:37:08] [Server thread/WARN]: Failed to load operators list: 
java.io.FileNotFoundException: ops.json (No such file or directory)
	at java.io.FileInputStream.open0(Native Method) ~[?:1.8.0_151]
	at java.io.FileInputStream.open(FileInputStream.java:195) ~[?:1.8.0_151]
	at java.io.FileInputStream.<init>(FileInputStream.java:138) ~[?:1.8.0_151]
	at net.minecraft.util.com.google.common.io.Files.newReader(Files.java:86) ~[craftbukkit.jar:git-Bukkit-1.7.9-R0.1-10-g8688bd4-b3092jnks]
	at net.minecraft.server.v1_7_R3.JsonList.load(JsonList.java:147) ~[craftbukkit.jar:git-Bukkit-1.7.9-R0.1-10-g8688bd4-b3092jnks]
	at net.minecraft.server.v1_7_R3.DedicatedPlayerList.z(SourceFile:107) [craftbukkit.jar:git-Bukkit-1.7.9-R0.1-10-g8688bd4-b3092jnks]
	at net.minecraft.server.v1_7_R3.DedicatedPlayerList.<init>(SourceFile:29) [craftbukkit.jar:git-Bukkit-1.7.9-R0.1-10-g8688bd4-b3092jnks]
	at net.minecraft.server.v1_7_R3.DedicatedServer.init(DedicatedServer.java:126) [craftbukkit.jar:git-Bukkit-1.7.9-R0.1-10-g8688bd4-b3092jnks]
	at net.minecraft.server.v1_7_R3.MinecraftServer.run(MinecraftServer.java:436) [craftbukkit.jar:git-Bukkit-1.7.9-R0.1-10-g8688bd4-b3092jnks]
	at net.minecraft.server.v1_7_R3.ThreadServerApplication.run(SourceFile:628) [craftbukkit.jar:git-Bukkit-1.7.9-R0.1-10-g8688bd4-b3092jnks]
[10:37:08] [Server thread/WARN]: Failed to load white-list: 
java.io.FileNotFoundException: whitelist.json (No such file or directory)
	at java.io.FileInputStream.open0(Native Method) ~[?:1.8.0_151]
	at java.io.FileInputStream.open(FileInputStream.java:195) ~[?:1.8.0_151]
	at java.io.FileInputStream.<init>(FileInputStream.java:138) ~[?:1.8.0_151]
	at net.minecraft.util.com.google.common.io.Files.newReader(Files.java:86) ~[craftbukkit.jar:git-Bukkit-1.7.9-R0.1-10-g8688bd4-b3092jnks]
	at net.minecraft.server.v1_7_R3.JsonList.load(JsonList.java:147) ~[craftbukkit.jar:git-Bukkit-1.7.9-R0.1-10-g8688bd4-b3092jnks]
	at net.minecraft.server.v1_7_R3.DedicatedPlayerList.B(SourceFile:123) [craftbukkit.jar:git-Bukkit-1.7.9-R0.1-10-g8688bd4-b3092jnks]
	at net.minecraft.server.v1_7_R3.DedicatedPlayerList.<init>(SourceFile:30) [craftbukkit.jar:git-Bukkit-1.7.9-R0.1-10-g8688bd4-b3092jnks]
	at net.minecraft.server.v1_7_R3.DedicatedServer.init(DedicatedServer.java:126) [craftbukkit.jar:git-Bukkit-1.7.9-R0.1-10-g8688bd4-b3092jnks]
	at net.minecraft.server.v1_7_R3.MinecraftServer.run(MinecraftServer.java:436) [craftbukkit.jar:git-Bukkit-1.7.9-R0.1-10-g8688bd4-b3092jnks]
	at net.minecraft.server.v1_7_R3.ThreadServerApplication.run(SourceFile:628) [craftbukkit.jar:git-Bukkit-1.7.9-R0.1-10-g8688bd4-b3092jnks]
[10:37:08] [Server thread/INFO]: Preparing level "world"
[10:37:08] [Server thread/INFO]: Preparing start region for level 0 (Seed: 8739252744231398613)
[10:37:09] [Server thread/INFO]: Preparing spawn area: 19%
[10:37:10] [Server thread/INFO]: Preparing spawn area: 43%
[10:37:11] [Server thread/INFO]: Preparing spawn area: 66%
[10:37:12] [Server thread/INFO]: Preparing spawn area: 92%
[10:37:12] [Server thread/INFO]: Preparing start region for level 1 (Seed: 8739252744231398613)
[10:37:13] [Server thread/INFO]: Preparing spawn area: 28%
[10:37:14] [Server thread/INFO]: Preparing spawn area: 60%
[10:37:15] [Server thread/INFO]: Preparing spawn area: 83%
[10:37:16] [Server thread/INFO]: Preparing start region for level 2 (Seed: 8739252744231398613)
[10:37:17] [Server thread/INFO]: Preparing spawn area: 98%
[10:37:17] [Server thread/INFO]: Done (9.344s)! For help, type "help" or "?"
[10:37:41] [Server thread/INFO]: Unknown command. Type "help" for help.[m
[10:37:41] [Server thread/INFO]: Unknown command. Type "help" for help.[m
[10:37:43] [Server thread/INFO]: CONSOLE: Stopping the server..[m
[10:37:43] [Server thread/INFO]: Stopping server
[10:37:43] [Server thread/INFO]: Saving players
[10:37:43] [Server thread/INFO]: Saving worlds
[10:37:43] [Server thread/INFO]: Saving chunks for level 'world'/Overworld
[10:37:43] [Server thread/INFO]: Saving chunks for level 'world_nether'/Nether
[10:37:44] [Server thread/INFO]: Saving chunks for level 'world_the_end'/The End
[10:37:44] [Thread-4/INFO]: Stopping server
[10:37:44] [Thread-4/INFO]: Saving players
